Arguments: 
  C:\Program Files\nodejs\node.exe C:\Users\naikr\AppData\Roaming\npm\node_modules\yarn\bin\yarn.js add @my-monorepo/components --workspace apps/pokedex -W

PATH: 
  C:\Python312\Scripts\;C:\Python312\;C:\WINDOWS\system32;C:\WINDOWS;C:\WINDOWS\System32\Wbem;C:\WINDOWS\System32\WindowsPowerShell\v1.0\;C:\WINDOWS\System32\OpenSSH\;C:\Program Files\Git\cmd;C:\ProgramData\chocolatey\bin;C:\Windows\Microsoft.NET\Framework\v4.0.30319;C:\Users\naikr\AppData\Roaming\nvm;C:\Program Files\nodejs;C:\Program Files\nodejs\;C:\Users\naikr\AppData\Local\pnpm;C:\Users\naikr\AppData\Local\Microsoft\WindowsApps;C:\Users\naikr\AppData\Local\Programs\Microsoft VS Code\bin;C:\Windows\Microsoft.NET\Framework\v4.0.30319;C:\Users\naikr\AppData\Roaming\nvm;C:\Program Files\nodejs;C:\Users\naikr\AppData\Roaming\npm

Yarn version: 
  1.22.19

Node version: 
  20.9.0

Platform: 
  win32 ia32

Trace: 
  Error: https://registry.npmjs.org/@my-monorepo%2fcomponents: Not found
      at params.callback [as _callback] (C:\Users\naikr\AppData\Roaming\npm\node_modules\yarn\lib\cli.js:66145:18)
      at self.callback (C:\Users\naikr\AppData\Roaming\npm\node_modules\yarn\lib\cli.js:140890:22)
      at Request.emit (node:events:514:28)
      at Request.<anonymous> (C:\Users\naikr\AppData\Roaming\npm\node_modules\yarn\lib\cli.js:141862:10)
      at Request.emit (node:events:514:28)
      at IncomingMessage.<anonymous> (C:\Users\naikr\AppData\Roaming\npm\node_modules\yarn\lib\cli.js:141784:12)
      at Object.onceWrapper (node:events:628:28)
      at IncomingMessage.emit (node:events:526:35)
      at endReadableNT (node:internal/streams/readable:1408:12)
      at process.processTicksAndRejections (node:internal/process/task_queues:82:21)

npm manifest: 
  {
    "name": "my-monorepo",
    "version": "1.0.0",
    "main": "index.js",
    "author": "Rupesh",
    "license": "MIT",
    "private": true,
    "workspaces": ["packages/*", "apps/*"]
  }

yarn manifest: 
  No manifest

Lockfile: 
  No lockfile
